E:\OPENSOURCE\LUA-5.2.1\VS\LUA\LUA\DEBUG\LUA.OBJ
E:\OPENSOURCE\LUA-5.2.1\VS\LUA\LUA\DEBUG\VC110.PDB
E:\OPENSOURCE\LUA-5.2.1\VS\LUA\DEBUG\LUA.ILK
E:\OPENSOURCE\LUA-5.2.1\VS\LUA\DEBUG\LUA.EXE
E:\OPENSOURCE\LUA-5.2.1\VS\LUA\DEBUG\LUA.PDB
E:\openSource\lua-5.2.1\vs\lua\lua\Debug\lua.obj
E:\openSource\lua-5.2.1\vs\lua\lua\Debug\cl.command.1.tlog
E:\openSource\lua-5.2.1\vs\lua\lua\Debug\CL.read.1.tlog
E:\openSource\lua-5.2.1\vs\lua\lua\Debug\CL.write.1.tlog
E:\openSource\lua-5.2.1\vs\lua\lua\Debug\link-cvtres.read.1.tlog
E:\openSource\lua-5.2.1\vs\lua\lua\Debug\link-cvtres.write.1.tlog
E:\openSource\lua-5.2.1\vs\lua\lua\Debug\link-rc.read.1.tlog
E:\openSource\lua-5.2.1\vs\lua\lua\Debug\link-rc.write.1.tlog
E:\openSource\lua-5.2.1\vs\lua\lua\Debug\link.command.1.tlog
E:\openSource\lua-5.2.1\vs\lua\lua\Debug\link.read.1.tlog
E:\openSource\lua-5.2.1\vs\lua\lua\Debug\link.write.1.tlog
E:\openSource\lua-5.2.1\vs\lua\lua\Debug\vc110.idb
E:\openSource\lua-5.2.1\vs\lua\lua\Debug\vc110.pdb
E:\openSource\lua-5.2.1\vs\lua\Debug\lua.pdb
E:\openSource\lua-5.2.1\vs\lua\Debug\lua.exe
E:\openSource\lua-5.2.1\vs\lua\Debug\lua.ilk
