E:\OPENSOURCE\LUA-5.2.1\VS\LUA\LUAC\DEBUG\LUAC.OBJ
E:\OPENSOURCE\LUA-5.2.1\VS\LUA\LUAC\DEBUG\VC110.PDB
E:\OPENSOURCE\LUA-5.2.1\VS\LUA\DEBUG\LUAC.ILK
E:\OPENSOURCE\LUA-5.2.1\VS\LUA\DEBUG\LUAC.EXE
E:\OPENSOURCE\LUA-5.2.1\VS\LUA\DEBUG\LUAC.PDB
E:\openSource\lua-5.2.1\vs\lua\luac\Debug\luac.obj
E:\openSource\lua-5.2.1\vs\lua\luac\Debug\cl.command.1.tlog
E:\openSource\lua-5.2.1\vs\lua\luac\Debug\CL.read.1.tlog
E:\openSource\lua-5.2.1\vs\lua\luac\Debug\CL.write.1.tlog
E:\openSource\lua-5.2.1\vs\lua\luac\Debug\link-cvtres.read.1.tlog
E:\openSource\lua-5.2.1\vs\lua\luac\Debug\link-cvtres.write.1.tlog
E:\openSource\lua-5.2.1\vs\lua\luac\Debug\link-rc.read.1.tlog
E:\openSource\lua-5.2.1\vs\lua\luac\Debug\link-rc.write.1.tlog
E:\openSource\lua-5.2.1\vs\lua\luac\Debug\link.command.1.tlog
E:\openSource\lua-5.2.1\vs\lua\luac\Debug\link.read.1.tlog
E:\openSource\lua-5.2.1\vs\lua\luac\Debug\link.write.1.tlog
E:\openSource\lua-5.2.1\vs\lua\luac\Debug\vc110.idb
E:\openSource\lua-5.2.1\vs\lua\luac\Debug\vc110.pdb
E:\openSource\lua-5.2.1\vs\lua\Debug\luac.pdb
E:\openSource\lua-5.2.1\vs\lua\Debug\luac.exe
E:\openSource\lua-5.2.1\vs\lua\Debug\luac.ilk
