生成启动时间为 2013/05/06 15:32:50。
     1>项目“E:\openSource\lua-5.2.1\vs\lua\lualib\lualib.vcxproj”在节点 2 上(Rebuild 个目标)。
     1>_PrepareForClean:
         正在删除文件“Debug\lualib.lastbuildstate”。
       InitializeBuildStatus:
         正在创建“Debug\lualib.unsuccessfulbuild”，因为已指定“AlwaysCreate”。
       ClCompile:
         C:\Program Files\Microsoft Visual Studio 11.0\VC\bin\CL.exe /c /ZI /nologo /W3 /WX- /Od /Oy- /D WIN32 /D _DEBUG /D _LIB /D _CRT_SECURE_NO_WARNINGS /D _UNICODE /D UNICODE /Gm /EHsc /RTC1 /MDd /GS /fp:precise /Zc:wchar_t /Zc:forScope /Fo"Debug\\" /Fd"Debug\vc110.pdb" /Gd /TC /analyze- /errorReport:prompt ..\..\..\src\lapi.c ..\..\..\src\lauxlib.c ..\..\..\src\lbaselib.c ..\..\..\src\lbitlib.c ..\..\..\src\lcode.c ..\..\..\src\lcorolib.c ..\..\..\src\lctype.c ..\..\..\src\ldblib.c ..\..\..\src\ldebug.c ..\..\..\src\ldo.c ..\..\..\src\ldump.c ..\..\..\src\lfunc.c ..\..\..\src\lgc.c ..\..\..\src\linit.c ..\..\..\src\liolib.c ..\..\..\src\llex.c ..\..\..\src\lmathlib.c ..\..\..\src\lmem.c ..\..\..\src\loadlib.c ..\..\..\src\lobject.c ..\..\..\src\lopcodes.c ..\..\..\src\loslib.c ..\..\..\src\lparser.c ..\..\..\src\lstate.c ..\..\..\src\lstring.c ..\..\..\src\lstrlib.c ..\..\..\src\ltable.c ..\..\..\src\ltablib.c ..\..\..\src\ltm.c ..\..\..\src\lundump.c ..\..\..\src\lvm.c ..\..\..\src\lzio.c
         lzio.c
         lvm.c
         lundump.c
         ltm.c
         ltablib.c
         ltable.c
         lstrlib.c
         lstring.c
         lstate.c
         lparser.c
         loslib.c
         lopcodes.c
         lobject.c
         loadlib.c
         lmem.c
         lmathlib.c
         llex.c
         liolib.c
         linit.c
         lgc.c
     1>e:\opensource\lua-5.2.1\src\lgc.c(988): warning C4146: 一元负运算符应用于无符号类型，结果仍为无符号类型
         正在生成代码...
         正在编译...
         lfunc.c
         ldump.c
         ldo.c
         ldebug.c
         ldblib.c
         lctype.c
         lcorolib.c
         lcode.c
         lbitlib.c
         lbaselib.c
         lauxlib.c
         lapi.c
         正在生成代码...
       Lib:
         C:\Program Files\Microsoft Visual Studio 11.0\VC\bin\Lib.exe /OUT:"E:\openSource\lua-5.2.1\vs\lua\Debug\lualib.lib" /NOLOGO Debug\lapi.obj
         Debug\lauxlib.obj
         Debug\lbaselib.obj
         Debug\lbitlib.obj
         Debug\lcode.obj
         Debug\lcorolib.obj
         Debug\lctype.obj
         Debug\ldblib.obj
         Debug\ldebug.obj
         Debug\ldo.obj
         Debug\ldump.obj
         Debug\lfunc.obj
         Debug\lgc.obj
         Debug\linit.obj
         Debug\liolib.obj
         Debug\llex.obj
         Debug\lmathlib.obj
         Debug\lmem.obj
         Debug\loadlib.obj
         Debug\lobject.obj
         Debug\lopcodes.obj
         Debug\loslib.obj
         Debug\lparser.obj
         Debug\lstate.obj
         Debug\lstring.obj
         Debug\lstrlib.obj
         Debug\ltable.obj
         Debug\ltablib.obj
         Debug\ltm.obj
         Debug\lundump.obj
         Debug\lvm.obj
         Debug\lzio.obj
         lualib.vcxproj -> E:\openSource\lua-5.2.1\vs\lua\Debug\lualib.lib
       FinalizeBuildStatus:
         正在删除文件“Debug\lualib.unsuccessfulbuild”。
         正在对“Debug\lualib.lastbuildstate”执行 Touch 任务。
     1>已完成生成项目“E:\openSource\lua-5.2.1\vs\lua\lualib\lualib.vcxproj”(Rebuild 个目标)的操作。

生成成功。

已用时间 00:00:02.38
