E:\OPENSOURCE\LUA-5.2.1\VS\LUA\LUALIB\DEBUG\LGC.OBJ
E:\OPENSOURCE\LUA-5.2.1\VS\LUA\LUALIB\DEBUG\LINIT.OBJ
E:\OPENSOURCE\LUA-5.2.1\VS\LUA\LUALIB\DEBUG\LIOLIB.OBJ
E:\OPENSOURCE\LUA-5.2.1\VS\LUA\LUALIB\DEBUG\LLEX.OBJ
E:\OPENSOURCE\LUA-5.2.1\VS\LUA\LUALIB\DEBUG\LMATHLIB.OBJ
E:\OPENSOURCE\LUA-5.2.1\VS\LUA\LUALIB\DEBUG\LMEM.OBJ
E:\OPENSOURCE\LUA-5.2.1\VS\LUA\LUALIB\DEBUG\LOADLIB.OBJ
E:\OPENSOURCE\LUA-5.2.1\VS\LUA\LUALIB\DEBUG\LOBJECT.OBJ
E:\OPENSOURCE\LUA-5.2.1\VS\LUA\LUALIB\DEBUG\LOPCODES.OBJ
E:\OPENSOURCE\LUA-5.2.1\VS\LUA\LUALIB\DEBUG\LOSLIB.OBJ
E:\OPENSOURCE\LUA-5.2.1\VS\LUA\LUALIB\DEBUG\LPARSER.OBJ
E:\OPENSOURCE\LUA-5.2.1\VS\LUA\LUALIB\DEBUG\LSTATE.OBJ
E:\OPENSOURCE\LUA-5.2.1\VS\LUA\LUALIB\DEBUG\LSTRING.OBJ
E:\OPENSOURCE\LUA-5.2.1\VS\LUA\LUALIB\DEBUG\LSTRLIB.OBJ
E:\OPENSOURCE\LUA-5.2.1\VS\LUA\LUALIB\DEBUG\LTABLE.OBJ
E:\OPENSOURCE\LUA-5.2.1\VS\LUA\LUALIB\DEBUG\LTABLIB.OBJ
E:\OPENSOURCE\LUA-5.2.1\VS\LUA\LUALIB\DEBUG\LTM.OBJ
E:\OPENSOURCE\LUA-5.2.1\VS\LUA\LUALIB\DEBUG\LUNDUMP.OBJ
E:\OPENSOURCE\LUA-5.2.1\VS\LUA\LUALIB\DEBUG\LVM.OBJ
E:\OPENSOURCE\LUA-5.2.1\VS\LUA\LUALIB\DEBUG\LZIO.OBJ
E:\OPENSOURCE\LUA-5.2.1\VS\LUA\LUALIB\DEBUG\LAPI.OBJ
E:\OPENSOURCE\LUA-5.2.1\VS\LUA\LUALIB\DEBUG\LAUXLIB.OBJ
E:\OPENSOURCE\LUA-5.2.1\VS\LUA\LUALIB\DEBUG\LBASELIB.OBJ
E:\OPENSOURCE\LUA-5.2.1\VS\LUA\LUALIB\DEBUG\LBITLIB.OBJ
E:\OPENSOURCE\LUA-5.2.1\VS\LUA\LUALIB\DEBUG\LCODE.OBJ
E:\OPENSOURCE\LUA-5.2.1\VS\LUA\LUALIB\DEBUG\LCOROLIB.OBJ
E:\OPENSOURCE\LUA-5.2.1\VS\LUA\LUALIB\DEBUG\LCTYPE.OBJ
E:\OPENSOURCE\LUA-5.2.1\VS\LUA\LUALIB\DEBUG\LDBLIB.OBJ
E:\OPENSOURCE\LUA-5.2.1\VS\LUA\LUALIB\DEBUG\LDEBUG.OBJ
E:\OPENSOURCE\LUA-5.2.1\VS\LUA\LUALIB\DEBUG\LDO.OBJ
E:\OPENSOURCE\LUA-5.2.1\VS\LUA\LUALIB\DEBUG\LDUMP.OBJ
E:\OPENSOURCE\LUA-5.2.1\VS\LUA\LUALIB\DEBUG\LFUNC.OBJ
E:\OPENSOURCE\LUA-5.2.1\VS\LUA\LUALIB\DEBUG\VC110.PDB
E:\OPENSOURCE\LUA-5.2.1\VS\LUA\DEBUG\LUALIB.LIB
E:\openSource\lua-5.2.1\vs\lua\lualib\Debug\lapi.obj
E:\openSource\lua-5.2.1\vs\lua\lualib\Debug\lauxlib.obj
E:\openSource\lua-5.2.1\vs\lua\lualib\Debug\lbaselib.obj
E:\openSource\lua-5.2.1\vs\lua\lualib\Debug\lbitlib.obj
E:\openSource\lua-5.2.1\vs\lua\lualib\Debug\lcode.obj
E:\openSource\lua-5.2.1\vs\lua\lualib\Debug\lcorolib.obj
E:\openSource\lua-5.2.1\vs\lua\lualib\Debug\lctype.obj
E:\openSource\lua-5.2.1\vs\lua\lualib\Debug\ldblib.obj
E:\openSource\lua-5.2.1\vs\lua\lualib\Debug\ldebug.obj
E:\openSource\lua-5.2.1\vs\lua\lualib\Debug\ldo.obj
E:\openSource\lua-5.2.1\vs\lua\lualib\Debug\ldump.obj
E:\openSource\lua-5.2.1\vs\lua\lualib\Debug\lfunc.obj
E:\openSource\lua-5.2.1\vs\lua\lualib\Debug\lgc.obj
E:\openSource\lua-5.2.1\vs\lua\lualib\Debug\linit.obj
E:\openSource\lua-5.2.1\vs\lua\lualib\Debug\liolib.obj
E:\openSource\lua-5.2.1\vs\lua\lualib\Debug\llex.obj
E:\openSource\lua-5.2.1\vs\lua\lualib\Debug\lmathlib.obj
E:\openSource\lua-5.2.1\vs\lua\lualib\Debug\lmem.obj
E:\openSource\lua-5.2.1\vs\lua\lualib\Debug\loadlib.obj
E:\openSource\lua-5.2.1\vs\lua\lualib\Debug\lobject.obj
E:\openSource\lua-5.2.1\vs\lua\lualib\Debug\lopcodes.obj
E:\openSource\lua-5.2.1\vs\lua\lualib\Debug\loslib.obj
E:\openSource\lua-5.2.1\vs\lua\lualib\Debug\lparser.obj
E:\openSource\lua-5.2.1\vs\lua\lualib\Debug\lstate.obj
E:\openSource\lua-5.2.1\vs\lua\lualib\Debug\lstring.obj
E:\openSource\lua-5.2.1\vs\lua\lualib\Debug\lstrlib.obj
E:\openSource\lua-5.2.1\vs\lua\lualib\Debug\ltable.obj
E:\openSource\lua-5.2.1\vs\lua\lualib\Debug\ltablib.obj
E:\openSource\lua-5.2.1\vs\lua\lualib\Debug\ltm.obj
E:\openSource\lua-5.2.1\vs\lua\lualib\Debug\lundump.obj
E:\openSource\lua-5.2.1\vs\lua\lualib\Debug\lvm.obj
E:\openSource\lua-5.2.1\vs\lua\lualib\Debug\lzio.obj
E:\openSource\lua-5.2.1\vs\lua\lualib\Debug\cl.command.1.tlog
E:\openSource\lua-5.2.1\vs\lua\lualib\Debug\CL.read.1.tlog
E:\openSource\lua-5.2.1\vs\lua\lualib\Debug\CL.write.1.tlog
E:\openSource\lua-5.2.1\vs\lua\lualib\Debug\Lib-link.read.1.tlog
E:\openSource\lua-5.2.1\vs\lua\lualib\Debug\Lib-link.write.1.tlog
E:\openSource\lua-5.2.1\vs\lua\lualib\Debug\lib.command.1.tlog
E:\openSource\lua-5.2.1\vs\lua\lualib\Debug\vc110.idb
E:\openSource\lua-5.2.1\vs\lua\lualib\Debug\vc110.pdb
E:\openSource\lua-5.2.1\vs\lua\Debug\lualib.lib
